<?xml version="1.0" encoding="UTF-8"?>
<!-- Generated by org.testng.reporters.JUnitReportReporter -->
<testsuite hostname="ridwan-PC" name="com.bit.parallel.test.Test02" tests="1" failures="0" timestamp="22 Jul 2014 23:12:44 GMT" time="46.881" errors="0">
  <testcase name="testTwitter" time="46.881" classname="com.bit.parallel.test.Test02"/>
</testsuite> <!-- com.bit.parallel.test.Test02 -->
