<?xml version="1.0" encoding="UTF-8"?>
<!-- Generated by org.testng.reporters.JUnitReportReporter -->
<testsuite hostname="ridwan-PC" name="com.bit.parallel.test.Test05" tests="1" failures="0" timestamp="22 Jul 2014 23:12:44 GMT" time="32.663" errors="0">
  <testcase name="testBit" time="32.663" classname="com.bit.parallel.test.Test05"/>
</testsuite> <!-- com.bit.parallel.test.Test05 -->
