<?xml version="1.0" encoding="UTF-8"?>
<!-- Generated by org.testng.reporters.JUnitReportReporter -->
<testsuite hostname="Asads-MacBook-Pro.local" name="com.cs.ui.test.RubelTest" tests="1" failures="0" timestamp="2 Dec 2013 15:42:51 GMT" time="0.006" errors="0">
  <testcase name="demo1" time="0.006" classname="com.cs.ui.test.RubelTest"/>
</testsuite> <!-- com.cs.ui.test.RubelTest -->
